{"D:\\Zomato-Project\\src\\App.js": {"path":"D:\\Zomato-Project\\src\\App.js","statementMap":{"0":{"start":{"line":11,"column":2},"end":{"line":21,"column":4}}},"fnMap":{"0":{"name":"App","decl":{"start":{"line":10,"column":9},"end":{"line":10,"column":12}},"loc":{"start":{"line":10,"column":15},"end":{"line":22,"column":1}},"line":10}},"branchMap":{},"s":{"0":1},"f":{"0":1},"b":{},"_coverageSchema":"1a1c01bbd47fc00a2c39e90264f33305004495a9","hash":"a60133b8bfed6b7acd363a437b7a6f6ce025c17c"}
,"D:\\Zomato-Project\\src\\data.js": {"path":"D:\\Zomato-Project\\src\\data.js","statementMap":{"0":{"start":{"line":1,"column":18},"end":{"line":60,"column":1}}},"fnMap":{},"branchMap":{},"s":{"0":1},"f":{},"b":{},"_coverageSchema":"1a1c01bbd47fc00a2c39e90264f33305004495a9","hash":"caab005ffeb6301c8b78920cef37d6ea60cf07e7"}
,"D:\\Zomato-Project\\src\\index.js": {"path":"D:\\Zomato-Project\\src\\index.js","statementMap":{"0":{"start":{"line":5,"column":13},"end":{"line":5,"column":65}},"1":{"start":{"line":6,"column":0},"end":{"line":10,"column":2}}},"fnMap":{},"branchMap":{},"s":{"0":0,"1":0},"f":{},"b":{}}
,"D:\\Zomato-Project\\src\\components\\AccContainer\\AccContainer.jsx": {"path":"D:\\Zomato-Project\\src\\components\\AccContainer\\AccContainer.jsx","statementMap":{"0":{"start":{"line":6,"column":21},"end":{"line":15,"column":1}},"1":{"start":{"line":7,"column":2},"end":{"line":14,"column":4}},"2":{"start":{"line":11,"column":8},"end":{"line":11,"column":59}}},"fnMap":{"0":{"name":"(anonymous_0)","decl":{"start":{"line":6,"column":21},"end":{"line":6,"column":22}},"loc":{"start":{"line":6,"column":27},"end":{"line":15,"column":1}},"line":6},"1":{"name":"(anonymous_1)","decl":{"start":{"line":10,"column":16},"end":{"line":10,"column":17}},"loc":{"start":{"line":11,"column":8},"end":{"line":11,"column":59}},"line":11}},"branchMap":{},"s":{"0":1,"1":1,"2":3},"f":{"0":1,"1":3},"b":{},"_coverageSchema":"1a1c01bbd47fc00a2c39e90264f33305004495a9","hash":"fa8f70d4c419a8a048fc1d8a79906ab31d30f59c"}
,"D:\\Zomato-Project\\src\\components\\Accordian\\Accordian.jsx": {"path":"D:\\Zomato-Project\\src\\components\\Accordian\\Accordian.jsx","statementMap":{"0":{"start":{"line":6,"column":18},"end":{"line":20,"column":1}},"1":{"start":{"line":7,"column":26},"end":{"line":7,"column":41}},"2":{"start":{"line":9,"column":2},"end":{"line":19,"column":4}},"3":{"start":{"line":11,"column":57},"end":{"line":11,"column":71}}},"fnMap":{"0":{"name":"(anonymous_0)","decl":{"start":{"line":6,"column":18},"end":{"line":6,"column":19}},"loc":{"start":{"line":6,"column":36},"end":{"line":20,"column":1}},"line":6},"1":{"name":"(anonymous_1)","decl":{"start":{"line":11,"column":51},"end":{"line":11,"column":52}},"loc":{"start":{"line":11,"column":57},"end":{"line":11,"column":71}},"line":11}},"branchMap":{"0":{"loc":{"start":{"line":14,"column":11},"end":{"line":14,"column":69}},"type":"cond-expr","locations":[{"start":{"line":14,"column":18},"end":{"line":14,"column":41}},{"start":{"line":14,"column":44},"end":{"line":14,"column":69}}],"line":14},"1":{"loc":{"start":{"line":16,"column":9},"end":{"line":16,"column":40}},"type":"binary-expr","locations":[{"start":{"line":16,"column":9},"end":{"line":16,"column":13}},{"start":{"line":16,"column":17},"end":{"line":16,"column":40}}],"line":16}},"s":{"0":1,"1":3,"2":3,"3":0},"f":{"0":3,"1":0},"b":{"0":[0,3],"1":[3,0]},"_coverageSchema":"1a1c01bbd47fc00a2c39e90264f33305004495a9","hash":"cff875240b417e37ad5af4f8227af8d17c4a238e"}
,"D:\\Zomato-Project\\src\\components\\CTA\\CTA.jsx": {"path":"D:\\Zomato-Project\\src\\components\\CTA\\CTA.jsx","statementMap":{"0":{"start":{"line":7,"column":12},"end":{"line":56,"column":1}},"1":{"start":{"line":8,"column":28},"end":{"line":8,"column":42}},"2":{"start":{"line":9,"column":28},"end":{"line":9,"column":43}},"3":{"start":{"line":11,"column":2},"end":{"line":55,"column":4}},"4":{"start":{"line":28,"column":29},"end":{"line":28,"column":62}},"5":{"start":{"line":38,"column":29},"end":{"line":38,"column":62}}},"fnMap":{"0":{"name":"(anonymous_0)","decl":{"start":{"line":7,"column":12},"end":{"line":7,"column":13}},"loc":{"start":{"line":7,"column":18},"end":{"line":56,"column":1}},"line":7},"1":{"name":"(anonymous_1)","decl":{"start":{"line":28,"column":23},"end":{"line":28,"column":24}},"loc":{"start":{"line":28,"column":29},"end":{"line":28,"column":62}},"line":28},"2":{"name":"(anonymous_2)","decl":{"start":{"line":38,"column":23},"end":{"line":38,"column":24}},"loc":{"start":{"line":38,"column":29},"end":{"line":38,"column":62}},"line":38}},"branchMap":{"0":{"loc":{"start":{"line":28,"column":29},"end":{"line":28,"column":62}},"type":"binary-expr","locations":[{"start":{"line":28,"column":29},"end":{"line":28,"column":43}},{"start":{"line":28,"column":47},"end":{"line":28,"column":62}}],"line":28},"1":{"loc":{"start":{"line":38,"column":29},"end":{"line":38,"column":62}},"type":"binary-expr","locations":[{"start":{"line":38,"column":29},"end":{"line":38,"column":43}},{"start":{"line":38,"column":47},"end":{"line":38,"column":62}}],"line":38},"2":{"loc":{"start":{"line":44,"column":11},"end":{"line":44,"column":62}},"type":"binary-expr","locations":[{"start":{"line":44,"column":11},"end":{"line":44,"column":16}},{"start":{"line":44,"column":20},"end":{"line":44,"column":62}}],"line":44},"3":{"loc":{"start":{"line":45,"column":11},"end":{"line":45,"column":64}},"type":"binary-expr","locations":[{"start":{"line":45,"column":11},"end":{"line":45,"column":16}},{"start":{"line":45,"column":20},"end":{"line":45,"column":64}}],"line":45}},"s":{"0":1,"1":1,"2":1,"3":1,"4":0,"5":0},"f":{"0":1,"1":0,"2":0},"b":{"0":[0,0],"1":[0,0],"2":[1,1],"3":[1,0]},"_coverageSchema":"1a1c01bbd47fc00a2c39e90264f33305004495a9","hash":"255a5b005334342de37cb38b519ae2dc67c939f3"}
,"D:\\Zomato-Project\\src\\components\\Card\\Card.jsx": {"path":"D:\\Zomato-Project\\src\\components\\Card\\Card.jsx","statementMap":{"0":{"start":{"line":7,"column":13},"end":{"line":27,"column":1}},"1":{"start":{"line":8,"column":2},"end":{"line":26,"column":4}}},"fnMap":{"0":{"name":"(anonymous_0)","decl":{"start":{"line":7,"column":13},"end":{"line":7,"column":14}},"loc":{"start":{"line":7,"column":19},"end":{"line":27,"column":1}},"line":7}},"branchMap":{},"s":{"0":1,"1":1},"f":{"0":1},"b":{},"_coverageSchema":"1a1c01bbd47fc00a2c39e90264f33305004495a9","hash":"3743a762ffff65d7fe3bd03f4cc5d221745e423a"}
,"D:\\Zomato-Project\\src\\components\\Cities\\Cities.jsx": {"path":"D:\\Zomato-Project\\src\\components\\Cities\\Cities.jsx","statementMap":{"0":{"start":{"line":6,"column":15},"end":{"line":96,"column":1}},"1":{"start":{"line":7,"column":2},"end":{"line":95,"column":4}}},"fnMap":{"0":{"name":"(anonymous_0)","decl":{"start":{"line":6,"column":15},"end":{"line":6,"column":16}},"loc":{"start":{"line":6,"column":21},"end":{"line":96,"column":1}},"line":6}},"branchMap":{},"s":{"0":1,"1":1},"f":{"0":1},"b":{},"_coverageSchema":"1a1c01bbd47fc00a2c39e90264f33305004495a9","hash":"e51e28c49aee42a6c930d3a6085fc6297b08e795"}
,"D:\\Zomato-Project\\src\\components\\Collections\\Collection.jsx": {"path":"D:\\Zomato-Project\\src\\components\\Collections\\Collection.jsx","statementMap":{"0":{"start":{"line":9,"column":19},"end":{"line":54,"column":1}},"1":{"start":{"line":10,"column":2},"end":{"line":53,"column":4}}},"fnMap":{"0":{"name":"(anonymous_0)","decl":{"start":{"line":9,"column":19},"end":{"line":9,"column":20}},"loc":{"start":{"line":9,"column":25},"end":{"line":54,"column":1}},"line":9}},"branchMap":{},"s":{"0":1,"1":1},"f":{"0":1},"b":{},"_coverageSchema":"1a1c01bbd47fc00a2c39e90264f33305004495a9","hash":"44144ee6fd68ecc9daa8303e3a13d399c01f7e4e"}
,"D:\\Zomato-Project\\src\\components\\Footer\\Footer.jsx": {"path":"D:\\Zomato-Project\\src\\components\\Footer\\Footer.jsx","statementMap":{"0":{"start":{"line":11,"column":15},"end":{"line":93,"column":1}},"1":{"start":{"line":12,"column":2},"end":{"line":92,"column":4}}},"fnMap":{"0":{"name":"(anonymous_0)","decl":{"start":{"line":11,"column":15},"end":{"line":11,"column":16}},"loc":{"start":{"line":11,"column":21},"end":{"line":93,"column":1}},"line":11}},"branchMap":{},"s":{"0":1,"1":1},"f":{"0":1},"b":{},"_coverageSchema":"1a1c01bbd47fc00a2c39e90264f33305004495a9","hash":"dab665e6d524dd13ea35ab7ca7648a20d4651248"}
,"D:\\Zomato-Project\\src\\components\\Header\\Header.jsx": {"path":"D:\\Zomato-Project\\src\\components\\Header\\Header.jsx","statementMap":{"0":{"start":{"line":8,"column":15},"end":{"line":56,"column":1}},"1":{"start":{"line":9,"column":26},"end":{"line":9,"column":41}},"2":{"start":{"line":11,"column":2},"end":{"line":55,"column":4}},"3":{"start":{"line":22,"column":48},"end":{"line":22,"column":62}}},"fnMap":{"0":{"name":"(anonymous_0)","decl":{"start":{"line":8,"column":15},"end":{"line":8,"column":16}},"loc":{"start":{"line":8,"column":21},"end":{"line":56,"column":1}},"line":8},"1":{"name":"(anonymous_1)","decl":{"start":{"line":22,"column":42},"end":{"line":22,"column":43}},"loc":{"start":{"line":22,"column":48},"end":{"line":22,"column":62}},"line":22}},"branchMap":{"0":{"loc":{"start":{"line":23,"column":9},"end":{"line":23,"column":71}},"type":"cond-expr","locations":[{"start":{"line":23,"column":16},"end":{"line":23,"column":56}},{"start":{"line":23,"column":59},"end":{"line":23,"column":71}}],"line":23},"1":{"loc":{"start":{"line":25,"column":7},"end":{"line":35,"column":7}},"type":"binary-expr","locations":[{"start":{"line":25,"column":7},"end":{"line":25,"column":11}},{"start":{"line":26,"column":8},"end":{"line":34,"column":14}}],"line":25}},"s":{"0":1,"1":1,"2":1,"3":0},"f":{"0":1,"1":0},"b":{"0":[0,1],"1":[1,0]},"_coverageSchema":"1a1c01bbd47fc00a2c39e90264f33305004495a9","hash":"9315be82e90ac8b6ad8a53abe8a3dc260b06b48a"}
}
